<?xml version="1.0" encoding="UTF-8"?>
<!-- Generated by org.testng.reporters.JUnitReportReporter -->
<testsuite hostname="INRONNDURTHU01" failures="0" tests="2" name="cucumber.testNGRunner" time="37.189" errors="0" timestamp="2025-06-17T18:43:27 IST" skipped="0">
  <testcase classname="cucumber.testNGRunner" name="runScenario" time="18.794"/>
  <testcase classname="cucumber.testNGRunner" name="runScenario" time="18.395"/>
</testsuite> <!-- cucumber.testNGRunner -->
