<?xml version="1.0" encoding="UTF-8"?>
<!-- Generated by org.testng.reporters.JUnitReportReporter -->
<testsuite hostname="INRONNDURTHU01" failures="0" tests="1" name="DnssSelenium.tests.ErrorValidations" time="2.943" errors="0" timestamp="2025-05-15T09:02:21 IST" skipped="0">
  <testcase classname="DnssSelenium.tests.ErrorValidations" name="ErrorValidation" time="2.943"/>
</testsuite> <!-- DnssSelenium.tests.ErrorValidations -->
